This Program is compiled at Feb  6 2013 15:09:13 by gcc 4.4.6 20120305 (Red Hat 4.4.6-4)

ʼȡź..
SIGINT:2
SIGQUIT:3
SIGKILL:9
SIGSEGV:11
SIGPIPE:13
SIGTERM:15
sizeof( aho ) = 9456
sizeof( aho.data ) = 504
sizeof( aho.string ) = 704
sizeof( aho.flg ) = 3
sizeof( aho.indexOfExistItems ) = 80
sizeof( aho.haveSkill ) = 60
sizeof( aho.indexOfHaveTitle ) = 120
sizeof( aho.addressBook ) = 5760
sizeof( aho.workint ) = 800
sizeof( aho.workchar ) = 448
ļ: setup.cf
Can't open setup.cf.vps616.  use setup.cf instead
Եȼ: 3
еȼ: 0
ջ: 65536
ͻ: 65536
ջ: 128
ڴ浥ԪС: 128
ڴ浥Ԫ: 2500000
˺ŷַ: 127.0.0.1
˺ŷ˿: 9300
½: 极度1线
½: test
ȴӶ˿: 9065
к: 1
ظַʹ: 1
: 10
߳: 100
Ŀ: 10000
Ŀ: 12000
ƷĿ: 10000
սĿ: 100
ļĿ¼: .
ͼļĿ¼: ./data/map
ͼʶļ: ./data/map/mapset.txt
Ʒļ: ./data/itemset.txt
սļ: ./data/inv.txt
ʾλļ: ./data/appear.txt
ļ: ./data/effect.txt
ͷļ: ./data/titlename.txt
ͷļ: ./data/titleconfig.txt
ļ: ./data/encount.txt
Ⱥļ: ./data/group1.txt
ļ: ./data/enemybase.txt
ļ: ./data/enemy.txt
ħļ: ./data/magic.txt
ħļ: ./data/attmagic.bin
＼ļ: ./data/petskill.txt
Ʒɷļ: ./data/itematom.txt
ļ: ./data/question.txt
G M ļ: ./data/gmset.txt
־¼ļ: ./
ԭĿ¼: ../saac/char
NPC Ŀ¼: ./data/npc
־ļ: ./log
־ļ: log.cf
GMָ: gm
ʹGMȨ: 1
NPC ģĿ: 256
NPC Ŀ: 8192
·ʱ: 2500
м: 2500
Ŀ: 2500
ִһʱ: 5
ʱ: 1800
ʱ: 1800
ʯʱ: 3600
ݱ: 86400
ƬĿ: 1000
ȡƵЭ: 3000
Ӵ: 100
ת: 0ת
ȼ: 1
Ǯ: 1000000 S
ȼ: 1
ӵе: 100
ȼ: 200
ӵг: NO1:-1 NO2:101152 NO3:20004 NO4:-1 NO5:-1
ӵƷ: ITEM1:-1 ITEM2:-1 ITEM3:-1 ITEM4:-1 ITEM5:-1
ITEM1:-1 ITEM2:-1 ITEM3:-1 ITEM4:-1 ITEM5:-1
ITEM1:-1 ITEM2:-1 ITEM3:-1 ITEM4:-1 ITEM5:-1
ֹ: 1:极度无聊 2: 3: 4: 5:
ֹ͵ͼ: ͼ1:32021 ͼ2:8213 ͼ3:850 ͼ4:30695 ͼ5:60034
              ͼ1:-1 ͼ2:-1 ͼ3:-1 ͼ4:-1 ͼ5:-1
ȼת: 5
ȼת: -1
ֹ: 
ÿת: 0ת:15 1ת:15 2ת:15 3ת:15 4ת:15 5ת:15 6ת:15
ܷ: 
һȼ: 140
ߵȼ: 160
ħʱ䱶: 0
ĵ: 1
˳ĵ: 1
սýǮ: 10%
ٻʱ: (5000/)
ٻ: 10
2.0 ģʽ: 1
ׯ԰ģʽ: 

ϷID: 极度1线
ʼʼ
ڴռ...ڴѷ 305.18 MB...
ʼջӿռ...ԤԼ 10 ... 12.55 MB ռ...
԰󶨱ض˿ 9065... 
... 3.39 MB MB ռ...
... 91.17 MB ռ...
Ʒ...ƷID 20120...ITEM_tbl 26.77 MB ռ...ITEM_idx 0.15 MB ռ...ڶη 18.77 MB ռ...
ս... 0.90 MB ռ...
ģ...
ʼʼ...
ȡսļ...ϷΧ: 2...ЧսЧ 0...
ȡʾλļ...Чʾλ÷Χ 33..
ȡͷļ...Чͷ 2...
ȡͷļ...Чͷ 1...
ȡļ...encount.c:186 ļ﷨:./data/encount.txt 667
encount.c:186 ļ﷨:./data/encount.txt 668
encount.c:186 ļ﷨:./data/encount.txt 669
encount.c:186 ļ﷨:./data/encount.txt 670
encount.c:186 ļ﷨:./data/encount.txt 671
encount.c:186 ļ﷨:./data/encount.txt 672
encount.c:186 ļ﷨:./data/encount.txt 673
encount.c:186 ļ﷨:./data/encount.txt 674
Ч 665..
ȡļ...Ч״̬ 952...
ȡļ...Ч 2048..
ȡȺļ...enemy.c:647 ļ﷨:./data/group1.txt 725
enemy.c:647 ļ﷨:./data/group1.txt 726
enemy.c:647 ļ﷨:./data/group1.txt 727
enemy.c:647 ļ﷨:./data/group1.txt 728
enemy.c:647 ļ﷨:./data/group1.txt 729
ЧȺ 723...
ȡħļ...Чħ:181 ħ:422 ...Чħ 423...
ȡħļ...ЧĹħ 27
ħļ -->./data/attmagic.bin...
ȡ＼ļ...Ч＼ 212...
ȡƷɷļ...ʼƷɷ:  83 
ʼƷɷ: ȡ 83 Ʒɷ...
ʼϳƷ... :20121  1.15 MB ռ...
ʼϳ趨...
ȡļ...Ч 774...
ȡļ...
ȡGMļ...
ȡԶļ...
ȡׯ԰峤רļ...
ȡںϳļ...޷ļ
...ʧ

ͼ...
ҵ 700 ͼ
ȷͼļ 700...
ȡNPCļ...
ļ = 2135
ȡļģ....ȷģ 115 ...
С:700. :8192.
ȡNPCļ...ȷNPC 4952 ...
ʼ NPC ... 
˺ŷ... 
ʼ NPC ͻ ... 
˺ŷ͵½... 
ʼ
ʼʼ־
ȡɢƷʧļ...
߱:2171

װسԻļ:./data/npc/pettalk/pettalk.menu..........ID=7...=7
ضĲƷļ ./data/gambleitems.txt ...ID: 24 
س＼ܱļ:./data/skillcode.txt...
ʼNPC...
ʼsignal1...
ʼsignal2...
ʼͼ͵...
ʼ 2981 ͼ͵...
ACӳɹ
 !
˰汾: <zoroGMSV_2.5 Ա>
˱ʱ: Feb  6 2013 15:09:17 by zoro
ҳhttp://www.longzoro.com
̳http://bbs.longzoro.com
ʼ...
.ok!
...............................
=0 =0 Ʒ=0 ʼ:0 ս:0 Sys:[0.0050] 
NT:[0.0050] NG:[0.0000] BT:[0.0000] CH:[0.0000] 
....................................
=0 =0 Ʒ=0 ʼ:0 ս:0 Sys:[0.0050] 
NT:[0.0049] NG:[0.0000] BT:[0.0000] CH:[0.0000] 
.....................................
=0 =0 Ʒ=0 ʼ:0 ս:0 Sys:[0.0050] 
NT:[0.0050] NG:[0.0000] BT:[0.0000] CH:[0.0000] 
....................................
=0 =0 Ʒ=0 ʼ:0 ս:0 Sys:[0.0050] 
NT:[0.0049] NG:[0.0000] BT:[0.0000] CH:[0.0000] 
.....................................
=0 =0 Ʒ=0 ʼ:0 ս:0 Sys:[0.0050] 
NT:[0.0049] NG:[0.0000] BT:[0.0000] CH:[0.0000] 
....................................
=0 =0 Ʒ=0 ʼ:0 ս:0 Sys:[0.0050] 
NT:[0.0049] NG:[0.0000] BT:[0.0000] CH:[0.0000] 
....................................
=0 =0 Ʒ=0 ʼ:0 ս:0 Sys:[0.0050] 
NT:[0.0050] NG:[0.0000] BT:[0.0000] CH:[0.0000] 
.....................................
=0 =0 Ʒ=0 ʼ:0 ս:0 Sys:[0.0050] 
NT:[0.0050] NG:[0.0000] BT:[0.0000] CH:[0.0000] 
....................................
=0 =0 Ʒ=0 ʼ:0 ս:0 Sys:[0.0050] 
NT:[0.0050] NG:[0.0000] BT:[0.0000] CH:[0.0000] 
....................................
=0 =0 Ʒ=0 ʼ:0 ս:0 Sys:[0.0050] 
NT:[0.0050] NG:[0.0000] BT:[0.0000] CH:[0.0000] 
.....................................
=0 =0 Ʒ=0 ʼ:0 ս:0 Sys:[0.0050] 
NT:[0.0050] NG:[0.0000] BT:[0.0000] CH:[0.0000] 
....................................
=0 =0 Ʒ=0 ʼ:0 ս:0 Sys:[0.0050] 
NT:[0.0050] NG:[0.0000] BT:[0.0000] CH:[0.0000] 
.....................................
=0 =0 Ʒ=0 ʼ:0 ս:0 Sys:[0.0050] 
NT:[0.0050] NG:[0.0000] BT:[0.0000] CH:[0.0000] 
....................................
=0 =0 Ʒ=0 ʼ:0 ս:0 Sys:[0.0050] 
NT:[0.0049] NG:[0.0000] BT:[0.0000] CH:[0.0001] 
....................................
=0 =0 Ʒ=0 ʼ:0 ս:0 Sys:[0.0050] 
NT:[0.0049] NG:[0.0000] BT:[0.0000] CH:[0.0000] 
.....................................
=0 =0 Ʒ=0 ʼ:0 ս:0 Sys:[0.0050] 
NT:[0.0049] NG:[0.0000] BT:[0.0000] CH:[0.0000] 
....................................
=0 =0 Ʒ=0 ʼ:0 ս:0 Sys:[0.0050] 
NT:[0.0050] NG:[0.0000] BT:[0.0000] CH:[0.0000] 
.....................................
=0 =0 Ʒ=0 ʼ:0 ս:0 Sys:[0.0050] 
NT:[0.0049] NG:[0.0000] BT:[0.0000] CH:[0.0000] 
....................................
=0 =0 Ʒ=0 ʼ:0 ս:0 Sys:[0.0050] 
NT:[0.0049] NG:[0.0000] BT:[0.0000] CH:[0.0000] 
....................................
=0 =0 Ʒ=0 ʼ:0 ս:0 Sys:[0.0050] 
NT:[0.0050] NG:[0.0000] BT:[0.0000] CH:[0.0000] 
.....................................
=0 =0 Ʒ=0 ʼ:0 ս:0 Sys:[0.0050] 
NT:[0.0050] NG:[0.0000] BT:[0.0000] CH:[0.0000] 
....................................
=0 =0 Ʒ=0 ʼ:0 ս:0 Sys:[0.0050] 
NT:[0.0050] NG:[0.0000] BT:[0.0000] CH:[0.0000] 
.................
RCL =5 
....................
=0 =0 Ʒ=0 ʼ:0 ս:0 Sys:[0.0050] 
NT:[0.0050] NG:[0.0000] BT:[0.0000] CH:[0.0000] 
....................................
=0 =0 Ʒ=0 ʼ:0 ս:0 Sys:[0.0049] 
NT:[0.0049] NG:[0.0000] BT:[0.0000] CH:[0.0000] 
.....................................
=0 =0 Ʒ=0 ʼ:0 ս:0 Sys:[0.0050] 
NT:[0.0050] NG:[0.0000] BT:[0.0000] CH:[0.0000] 
....................................
=0 =0 Ʒ=0 ʼ:0 ս:0 Sys:[0.0050] 
NT:[0.0050] NG:[0.0000] BT:[0.0000] CH:[0.0000] 
....................................
=0 =0 Ʒ=0 ʼ:0 ս:0 Sys:[0.0050] 
NT:[0.0050] NG:[0.0000] BT:[0.0000] CH:[0.0000] 
.....................................
=0 =0 Ʒ=0 ʼ:0 ս:0 Sys:[0.0050] 
NT:[0.0049] NG:[0.0000] BT:[0.0000] CH:[0.0000] 
....................................
=0 =0 Ʒ=0 ʼ:0 ս:0 Sys:[0.0050] 
NT:[0.0050] NG:[0.0000] BT:[0.0000] CH:[0.0000] 
....................................
=0 =0 Ʒ=0 ʼ:0 ս:0 Sys:[0.0050] 
NT:[0.0049] NG:[0.0000] BT:[0.0000] CH:[0.0000] 
.....................................
=0 =0 Ʒ=0 ʼ:0 ս:0 Sys:[0.0050] 
NT:[0.0050] NG:[0.0000] BT:[0.0000] CH:[0.0000] 
....................................
=0 =0 Ʒ=0 ʼ:0 ս:0 Sys:[0.0050] 
NT:[0.0050] NG:[0.0000] BT:[0.0000] CH:[0.0000] 
.....................................
=0 =0 Ʒ=0 ʼ:0 ս:0 Sys:[0.0050] 
NT:[0.0050] NG:[0.0000] BT:[0.0000] CH:[0.0000] 
....................................
=0 =0 Ʒ=0 ʼ:0 ս:0 Sys:[0.0050] 
NT:[0.0050] NG:[0.0000] BT:[0.0000] CH:[0.0000] 
....................................
=0 =0 Ʒ=0 ʼ:0 ս:0 Sys:[0.0050] 
NT:[0.0050] NG:[0.0000] BT:[0.0000] CH:[0.0000] 
....................................
=0 =0 Ʒ=0 ʼ:0 ս:0 Sys:[0.0050] 
NT:[0.0049] NG:[0.0000] BT:[0.0000] CH:[0.0000] 
.....................................
=0 =0 Ʒ=0 ʼ:0 ս:0 Sys:[0.0050] 
NT:[0.0050] NG:[0.0000] BT:[0.0000] CH:[0.0000] 
....................................
=0 =0 Ʒ=0 ʼ:0 ս:0 Sys:[0.0050] 
NT:[0.0050] NG:[0.0000] BT:[0.0000] CH:[0.0000] 
.....................................
=0 =0 Ʒ=0 ʼ:0 ս:0 Sys:[0.0050] 
NT:[0.0050] NG:[0.0000] BT:[0.0000] CH:[0.0000] 
..................................
½˺=12341 =1234 =61.135.169.77

RCL =5 
..
=0 =0 Ʒ=0 ʼ:0 ս:0 Sys:[0.0050] 
NT:[0.0050] NG:[0.0000] BT:[0.0000] CH:[0.0000] 
.....................................
=0 =0 Ʒ=0 ʼ:0 ս:0 Sys:[0.0050] 
NT:[0.0050] NG:[0.0000] BT:[0.0000] CH:[0.0000] 
....................................
=0 =0 Ʒ=0 ʼ:0 ս:0 Sys:[0.0050] 
NT:[0.0050] NG:[0.0000] BT:[0.0000] CH:[0.0000] 
....................................
=0 =0 Ʒ=0 ʼ:0 ս:0 Sys:[0.0049] 
NT:[0.0049] NG:[0.0000] BT:[0.0000] CH:[0.0000] 
.................
½˺=12341 =1234 =61.135.169.77
.
RCL =5 
...................
=0 =0 Ʒ=0 ʼ:0 ս:0 Sys:[0.0050] 
NT:[0.0050] NG:[0.0000] BT:[0.0000] CH:[0.0000] 
................................
½˺=12341 =1234 =61.135.169.77

RCL =5 
....
=0 =0 Ʒ=0 ʼ:0 ս:0 Sys:[0.0050] 
NT:[0.0049] NG:[0.0000] BT:[0.0000] CH:[0.0000] 
...
½˺=12341 =1234 =61.135.169.77

RCL =5 
..................................
=0 =0 Ʒ=0 ʼ:0 ս:0 Sys:[0.0048] 
NT:[0.0048] NG:[0.0000] BT:[0.0000] CH:[0.0000] 
....................................
=0 =0 Ʒ=0 ʼ:0 ս:0 Sys:[0.0050] 
NT:[0.0049] NG:[0.0000] BT:[0.0000] CH:[0.0000] 
....................................
=0 =0 Ʒ=0 ʼ:0 ս:0 Sys:[0.0050] 
NT:[0.0050] NG:[0.0000] BT:[0.0000] CH:[0.0000] 
.....................................
=0 =0 Ʒ=0 ʼ:0 ս:0 Sys:[0.0050] 
NT:[0.0050] NG:[0.0000] BT:[0.0000] CH:[0.0000] 
....................................
=0 =0 Ʒ=0 ʼ:0 ս:0 Sys:[0.0050] 
NT:[0.0050] NG:[0.0000] BT:[0.0000] CH:[0.0000] 
..................................
=0 =0 Ʒ=0 ʼ:0 ս:0 Sys:[0.0046] 
NT:[0.0045] NG:[0.0000] BT:[0.0000] CH:[0.0000] 
...........................
½˺=12341 =1234 =61.135.169.77

RCL =5 
.....
=0 =0 Ʒ=0 ʼ:0 ս:0 Sys:[0.0036] 
NT:[0.0036] NG:[0.0000] BT:[0.0000] CH:[0.0000] 
.....................................
=0 =0 Ʒ=0 ʼ:0 ս:0 Sys:[0.0050] 
NT:[0.0049] NG:[0.0000] BT:[0.0000] CH:[0.0000] 
....................................
=0 =0 Ʒ=0 ʼ:0 ս:0 Sys:[0.0050] 
NT:[0.0050] NG:[0.0000] BT:[0.0000] CH:[0.0000] 
....................................
=0 =0 Ʒ=0 ʼ:0 ս:0 Sys:[0.0050] 
NT:[0.0050] NG:[0.0000] BT:[0.0000] CH:[0.0000] 
.....................................
=0 =0 Ʒ=0 ʼ:0 ս:0 Sys:[0.0050] 
NT:[0.0049] NG:[0.0000] BT:[0.0000] CH:[0.0000] 
....................................
=0 =0 Ʒ=0 ʼ:0 ս:0 Sys:[0.0050] 
NT:[0.0050] NG:[0.0000] BT:[0.0000] CH:[0.0000] 
.....................................
=0 =0 Ʒ=0 ʼ:0 ս:0 Sys:[0.0050] 
NT:[0.0050] NG:[0.0000] BT:[0.0000] CH:[0.0000] 
....................................
=0 =0 Ʒ=0 ʼ:0 ս:0 Sys:[0.0050] 
NT:[0.0050] NG:[0.0000] BT:[0.0000] CH:[0.0000] 
....................................
=0 =0 Ʒ=0 ʼ:0 ս:0 Sys:[0.0050] 
NT:[0.0050] NG:[0.0000] BT:[0.0000] CH:[0.0000] 
.....................................
=0 =0 Ʒ=0 ʼ:0 ս:0 Sys:[0.0050] 
NT:[0.0049] NG:[0.0000] BT:[0.0000] CH:[0.0000] 
....................................
=0 =0 Ʒ=0 ʼ:0 ս:0 Sys:[0.0050] 
NT:[0.0049] NG:[0.0000] BT:[0.0000] CH:[0.0000] 
....................................
=0 =0 Ʒ=0 ʼ:0 ս:0 Sys:[0.0048] 
NT:[0.0047] NG:[0.0000] BT:[0.0000] CH:[0.0000] 
............................
½˺=12341 =1234 =61.135.169.77
.
RCL =5 
........
=0 =0 Ʒ=0 ʼ:0 ս:0 Sys:[0.0049] 
NT:[0.0049] NG:[0.0000] BT:[0.0000] CH:[0.0000] 
....................................
=0 =0 Ʒ=0 ʼ:0 ս:0 Sys:[0.0050] 
NT:[0.0049] NG:[0.0000] BT:[0.0000] CH:[0.0000] 
.....................................
=0 =0 Ʒ=0 ʼ:0 ս:0 Sys:[0.0050] 
NT:[0.0050] NG:[0.0000] BT:[0.0000] CH:[0.0000] 
....................................
=0 =0 Ʒ=0 ʼ:0 ս:0 Sys:[0.0050] 
NT:[0.0049] NG:[0.0000] BT:[0.0000] CH:[0.0000] 
....................................
=0 =0 Ʒ=0 ʼ:0 ս:0 Sys:[0.0049] 
NT:[0.0049] NG:[0.0000] BT:[0.0000] CH:[0.0000] 
.....................................
=0 =0 Ʒ=0 ʼ:0 ս:0 Sys:[0.0050] 
NT:[0.0050] NG:[0.0000] BT:[0.0000] CH:[0.0000] 
....................................
=0 =0 Ʒ=0 ʼ:0 ս:0 Sys:[0.0050] 
NT:[0.0049] NG:[0.0000] BT:[0.0000] CH:[0.0000] 
....................................
=0 =0 Ʒ=0 ʼ:0 ս:0 Sys:[0.0050] 
NT:[0.0050] NG:[0.0000] BT:[0.0000] CH:[0.0000] 
.....................................
=0 =0 Ʒ=0 ʼ:0 ս:0 Sys:[0.0050] 
NT:[0.0049] NG:[0.0000] BT:[0.0000] CH:[0.0000] 
.................
½˺=1111 =1111 =61.135.169.77
.
RCL =5 
..................
=0 =0 Ʒ=0 ʼ:0 ս:0 Sys:[0.0050] 
NT:[0.0049] NG:[0.0000] BT:[0.0000] CH:[0.0000] 
.....................................
=0 =0 Ʒ=0 ʼ:0 ս:0 Sys:[0.0050] 
NT:[0.0050] NG:[0.0000] BT:[0.0000] CH:[0.0000] 
....................................
=0 =0 Ʒ=0 ʼ:0 ս:0 Sys:[0.0050] 
NT:[0.0049] NG:[0.0000] BT:[0.0000] CH:[0.0000] 
....................................
=0 =0 Ʒ=0 ʼ:0 ս:0 Sys:[0.0050] 
NT:[0.0049] NG:[0.0000] BT:[0.0000] CH:[0.0000] 
....................................
=0 =0 Ʒ=0 ʼ:0 ս:0 Sys:[0.0050] 
NT:[0.0050] NG:[0.0000] BT:[0.0000] CH:[0.0000] 
.....................................
=0 =0 Ʒ=0 ʼ:0 ս:0 Sys:[0.0049] 
NT:[0.0049] NG:[0.0000] BT:[0.0000] CH:[0.0000] 
....................................
=0 =0 Ʒ=0 ʼ:0 ս:0 Sys:[0.0050] 
NT:[0.0050] NG:[0.0000] BT:[0.0000] CH:[0.0000] 
.....................................
=0 =0 Ʒ=0 ʼ:0 ս:0 Sys:[0.0050] 
NT:[0.0050] NG:[0.0000] BT:[0.0000] CH:[0.0000] 
....................................
=0 =0 Ʒ=0 ʼ:0 ս:0 Sys:[0.0050] 
NT:[0.0050] NG:[0.0000] BT:[0.0000] CH:[0.0000] 
....................................
=0 =0 Ʒ=0 ʼ:0 ս:0 Sys:[0.0048] 
NT:[0.0048] NG:[0.0000] BT:[0.0000] CH:[0.0000] 
.....................................
=0 =0 Ʒ=0 ʼ:0 ս:0 Sys:[0.0050] 
NT:[0.0050] NG:[0.0000] BT:[0.0000] CH:[0.0000] 
....................................
=0 =0 Ʒ=0 ʼ:0 ս:0 Sys:[0.0048] 
NT:[0.0048] NG:[0.0000] BT:[0.0000] CH:[0.0000] 
....................................
=0 =0 Ʒ=0 ʼ:0 ս:0 Sys:[0.0050] 
NT:[0.0049] NG:[0.0000] BT:[0.0000] CH:[0.0000] 
.....................................
=0 =0 Ʒ=0 ʼ:0 ս:0 Sys:[0.0050] 
NT:[0.0049] NG:[0.0000] BT:[0.0000] CH:[0.0000] 
....................................
=0 =0 Ʒ=0 ʼ:0 ս:0 Sys:[0.0048] 
NT:[0.0048] NG:[0.0000] BT:[0.0000] CH:[0.0000] 
....................................
=0 =0 Ʒ=0 ʼ:0 ս:0 Sys:[0.0049] 
NT:[0.0049] NG:[0.0000] BT:[0.0000] CH:[0.0000] 
....................................
=0 =0 Ʒ=0 ʼ:0 ս:0 Sys:[0.0048] 
NT:[0.0048] NG:[0.0000] BT:[0.0000] CH:[0.0000] 
....................................
=0 =0 Ʒ=0 ʼ:0 ս:0 Sys:[0.0048] 
NT:[0.0048] NG:[0.0000] BT:[0.0000] CH:[0.0000] 
....................................
=0 =0 Ʒ=0 ʼ:0 ս:0 Sys:[0.0050] 
NT:[0.0050] NG:[0.0000] BT:[0.0000] CH:[0.0000] 
....................................
=0 =0 Ʒ=0 ʼ:0 ս:0 Sys:[0.0050] 
NT:[0.0050] NG:[0.0000] BT:[0.0000] CH:[0.0000] 
.....................................
=0 =0 Ʒ=0 ʼ:0 ս:0 Sys:[0.0050] 
NT:[0.0050] NG:[0.0000] BT:[0.0000] CH:[0.0000] 
....................................
=0 =0 Ʒ=0 ʼ:0 ս:0 Sys:[0.0045] 
NT:[0.0045] NG:[0.0000] BT:[0.0000] CH:[0.0000] 
.....................................
=0 =0 Ʒ=0 ʼ:0 ս:0 Sys:[0.0050] 
NT:[0.0050] NG:[0.0000] BT:[0.0000] CH:[0.0000] 
....................................
=0 =0 Ʒ=0 ʼ:0 ս:0 Sys:[0.0050] 
NT:[0.0050] NG:[0.0000] BT:[0.0000] CH:[0.0000] 
....................................
=0 =0 Ʒ=0 ʼ:0 ս:0 Sys:[0.0050] 
NT:[0.0050] NG:[0.0000] BT:[0.0000] CH:[0.0000] 
.....................................
=0 =0 Ʒ=0 ʼ:0 ս:0 Sys:[0.0050] 
NT:[0.0050] NG:[0.0000] BT:[0.0000] CH:[0.0000] 
....................................
=0 =0 Ʒ=0 ʼ:0 ս:0 Sys:[0.0050] 
NT:[0.0050] NG:[0.0000] BT:[0.0000] CH:[0.0000] 
....................................
=0 =0 Ʒ=0 ʼ:0 ս:0 Sys:[0.0050] 
NT:[0.0049] NG:[0.0000] BT:[0.0000] CH:[0.0000] 
.....................................
=0 =0 Ʒ=0 ʼ:0 ս:0 Sys:[0.0050] 
NT:[0.0050] NG:[0.0000] BT:[0.0000] CH:[0.0000] 
....................................
=0 =0 Ʒ=0 ʼ:0 ս:0 Sys:[0.0050] 
NT:[0.0050] NG:[0.0000] BT:[0.0000] CH:[0.0000] 
.....................................
=0 =0 Ʒ=0 ʼ:0 ս:0 Sys:[0.0050] 
NT:[0.0050] NG:[0.0000] BT:[0.0000] CH:[0.0000] 
....................................
=0 =0 Ʒ=0 ʼ:0 ս:0 Sys:[0.0050] 
NT:[0.0050] NG:[0.0000] BT:[0.0000] CH:[0.0000] 
....................................
=0 =0 Ʒ=0 ʼ:0 ս:0 Sys:[0.0050] 
NT:[0.0050] NG:[0.0000] BT:[0.0000] CH:[0.0000] 
.....................................
=0 =0 Ʒ=0 ʼ:0 ս:0 Sys:[0.0050] 
NT:[0.0050] NG:[0.0000] BT:[0.0000] CH:[0.0000] 
....................................
=0 =0 Ʒ=0 ʼ:0 ս:0 Sys:[0.0050] 
NT:[0.0050] NG:[0.0000] BT:[0.0000] CH:[0.0000] 
....................................
=0 =0 Ʒ=0 ʼ:0 ս:0 Sys:[0.0050] 
NT:[0.0050] NG:[0.0000] BT:[0.0000] CH:[0.0000] 
.....................................
=0 =0 Ʒ=0 ʼ:0 ս:0 Sys:[0.0050] 
NT:[0.0049] NG:[0.0000] BT:[0.0000] CH:[0.0000] 
....................................
=0 =0 Ʒ=0 ʼ:0 ս:0 Sys:[0.0050] 
NT:[0.0050] NG:[0.0000] BT:[0.0000] CH:[0.0000] 
....................................
=0 =0 Ʒ=0 ʼ:0 ս:0 Sys:[0.0050] 
NT:[0.0049] NG:[0.0000] BT:[0.0000] CH:[0.0000] 
.....................................
=0 =0 Ʒ=0 ʼ:0 ս:0 Sys:[0.0050] 
NT:[0.0050] NG:[0.0000] BT:[0.0000] CH:[0.0000] 
....................................
=0 =0 Ʒ=0 ʼ:0 ս:0 Sys:[0.0050] 
NT:[0.0050] NG:[0.0000] BT:[0.0000] CH:[0.0000] 
.....................................
=0 =0 Ʒ=0 ʼ:0 ս:0 Sys:[0.0050] 
NT:[0.0050] NG:[0.0000] BT:[0.0000] CH:[0.0000] 
....................................
=0 =0 Ʒ=0 ʼ:0 ս:0 Sys:[0.0050] 
NT:[0.0049] NG:[0.0000] BT:[0.0000] CH:[0.0000] 
....................................
=0 =0 Ʒ=0 ʼ:0 ս:0 Sys:[0.0050] 
NT:[0.0050] NG:[0.0000] BT:[0.0000] CH:[0.0000] 
.....................................
=0 =0 Ʒ=0 ʼ:0 ս:0 Sys:[0.0050] 
NT:[0.0049] NG:[0.0000] BT:[0.0000] CH:[0.0000] 
....................................
=0 =0 Ʒ=0 ʼ:0 ս:0 Sys:[0.0049] 
NT:[0.0049] NG:[0.0000] BT:[0.0000] CH:[0.0000] 
....................................
=0 =0 Ʒ=0 ʼ:0 ս:0 Sys:[0.0050] 
NT:[0.0050] NG:[0.0000] BT:[0.0000] CH:[0.0000] 
.....................................
=0 =0 Ʒ=0 ʼ:0 ս:0 Sys:[0.0050] 
NT:[0.0050] NG:[0.0000] BT:[0.0000] CH:[0.0000] 
....................................
=0 =0 Ʒ=0 ʼ:0 ս:0 Sys:[0.0050] 
NT:[0.0049] NG:[0.0000] BT:[0.0000] CH:[0.0000] 
.....................................
=0 =0 Ʒ=0 ʼ:0 ս:0 Sys:[0.0050] 
NT:[0.0049] NG:[0.0000] BT:[0.0000] CH:[0.0000] 
....................................
=0 =0 Ʒ=0 ʼ:0 ս:0 Sys:[0.0050] 
NT:[0.0050] NG:[0.0000] BT:[0.0000] CH:[0.0000] 
....................................
=0 =0 Ʒ=0 ʼ:0 ս:0 Sys:[0.0050] 
NT:[0.0050] NG:[0.0000] BT:[0.0000] CH:[0.0000] 
.....................................
=0 =0 Ʒ=0 ʼ:0 ս:0 Sys:[0.0050] 
NT:[0.0049] NG:[0.0000] BT:[0.0000] CH:[0.0000] 
....................................
=0 =0 Ʒ=0 ʼ:0 ս:0 Sys:[0.0050] 
NT:[0.0049] NG:[0.0000] BT:[0.0000] CH:[0.0000] 
.....................................
=0 =0 Ʒ=0 ʼ:0 ս:0 Sys:[0.0049] 
NT:[0.0049] NG:[0.0000] BT:[0.0000] CH:[0.0000] 
....................................
=0 =0 Ʒ=0 ʼ:0 ս:0 Sys:[0.0049] 
NT:[0.0049] NG:[0.0000] BT:[0.0000] CH:[0.0000] 
.....................................
=0 =0 Ʒ=0 ʼ:0 ս:0 Sys:[0.0050] 
NT:[0.0050] NG:[0.0000] BT:[0.0000] CH:[0.0000] 
....................................
=0 =0 Ʒ=0 ʼ:0 ս:0 Sys:[0.0050] 
NT:[0.0050] NG:[0.0000] BT:[0.0000] CH:[0.0000] 
....................................
=0 =0 Ʒ=0 ʼ:0 ս:0 Sys:[0.0049] 
NT:[0.0049] NG:[0.0000] BT:[0.0000] CH:[0.0000] 
.....................................
=0 =0 Ʒ=0 ʼ:0 ս:0 Sys:[0.0050] 
NT:[0.0050] NG:[0.0000] BT:[0.0000] CH:[0.0000] 
....................................
=0 =0 Ʒ=0 ʼ:0 ս:0 Sys:[0.0050] 
NT:[0.0050] NG:[0.0000] BT:[0.0000] CH:[0.0000] 
....................................
=0 =0 Ʒ=0 ʼ:0 ս:0 Sys:[0.0050] 
NT:[0.0050] NG:[0.0000] BT:[0.0000] CH:[0.0000] 
.....................................
=0 =0 Ʒ=0 ʼ:0 ս:0 Sys:[0.0050] 
NT:[0.0050] NG:[0.0000] BT:[0.0000] CH:[0.0000] 
....................................
=0 =0 Ʒ=0 ʼ:0 ս:0 Sys:[0.0050] 
NT:[0.0050] NG:[0.0000] BT:[0.0000] CH:[0.0000] 
.....................................
=0 =0 Ʒ=0 ʼ:0 ս:0 Sys:[0.0050] 
NT:[0.0050] NG:[0.0000] BT:[0.0000] CH:[0.0000] 
....................................
=0 =0 Ʒ=0 ʼ:0 ս:0 Sys:[0.0050] 
NT:[0.0050] NG:[0.0000] BT:[0.0000] CH:[0.0000] 
....................................
=0 =0 Ʒ=0 ʼ:0 ս:0 Sys:[0.0050] 
NT:[0.0049] NG:[0.0000] BT:[0.0000] CH:[0.0000] 
.....................................
=0 =0 Ʒ=0 ʼ:0 ս:0 Sys:[0.0040] 
NT:[0.0040] NG:[0.0000] BT:[0.0000] CH:[0.0000] 
....................................
=0 =0 Ʒ=0 ʼ:0 ս:0 Sys:[0.0050] 
NT:[0.0050] NG:[0.0000] BT:[0.0000] CH:[0.0000] 
....................................
=0 =0 Ʒ=0 ʼ:0 ս:0 Sys:[0.0050] 
NT:[0.0049] NG:[0.0000] BT:[0.0000] CH:[0.0000] 
.....................................
=0 =0 Ʒ=0 ʼ:0 ս:0 Sys:[0.0050] 
NT:[0.0050] NG:[0.0000] BT:[0.0000] CH:[0.0000] 
....................................
=0 =0 Ʒ=0 ʼ:0 ս:0 Sys:[0.0050] 
NT:[0.0050] NG:[0.0000] BT:[0.0000] CH:[0.0000] 
.....................................
=0 =0 Ʒ=0 ʼ:0 ս:0 Sys:[0.0050] 
NT:[0.0050] NG:[0.0000] BT:[0.0000] CH:[0.0000] 
....................................
=0 =0 Ʒ=0 ʼ:0 ս:0 Sys:[0.0050] 
NT:[0.0050] NG:[0.0000] BT:[0.0000] CH:[0.0000] 
....................................
=0 =0 Ʒ=0 ʼ:0 ս:0 Sys:[0.0050] 
NT:[0.0050] NG:[0.0000] BT:[0.0000] CH:[0.0000] 
.....................................
=0 =0 Ʒ=0 ʼ:0 ս:0 Sys:[0.0050] 
NT:[0.0050] NG:[0.0000] BT:[0.0000] CH:[0.0000] 
....................................
=0 =0 Ʒ=0 ʼ:0 ս:0 Sys:[0.0050] 
NT:[0.0050] NG:[0.0000] BT:[0.0000] CH:[0.0000] 
.....................................
=0 =0 Ʒ=0 ʼ:0 ս:0 Sys:[0.0049] 
NT:[0.0049] NG:[0.0000] BT:[0.0000] CH:[0.0000] 
....................................
=0 =0 Ʒ=0 ʼ:0 ս:0 Sys:[0.0049] 
NT:[0.0049] NG:[0.0000] BT:[0.0000] CH:[0.0000] 
....................................
=0 =0 Ʒ=0 ʼ:0 ս:0 Sys:[0.0048] 
NT:[0.0048] NG:[0.0000] BT:[0.0000] CH:[0.0000] 
.....................................
=0 =0 Ʒ=0 ʼ:0 ս:0 Sys:[0.0050] 
NT:[0.0049] NG:[0.0000] BT:[0.0000] CH:[0.0000] 
....................................
=0 =0 Ʒ=0 ʼ:0 ս:0 Sys:[0.0049] 
NT:[0.0049] NG:[0.0000] BT:[0.0000] CH:[0.0000] 
....................................
=0 =0 Ʒ=0 ʼ:0 ս:0 Sys:[0.0049] 
NT:[0.0048] NG:[0.0000] BT:[0.0000] CH:[0.0000] 
.....................................
=0 =0 Ʒ=0 ʼ:0 ս:0 Sys:[0.0050] 
NT:[0.0050] NG:[0.0000] BT:[0.0000] CH:[0.0000] 
....................................
=0 =0 Ʒ=0 ʼ:0 ս:0 Sys:[0.0050] 
NT:[0.0050] NG:[0.0000] BT:[0.0000] CH:[0.0000] 
....................................
=0 =0 Ʒ=0 ʼ:0 ս:0 Sys:[0.0050] 
NT:[0.0050] NG:[0.0000] BT:[0.0000] CH:[0.0000] 
....................................
=0 =0 Ʒ=0 ʼ:0 ս:0 Sys:[0.0050] 
NT:[0.0049] NG:[0.0000] BT:[0.0000] CH:[0.0000] 
.....................................
=0 =0 Ʒ=0 ʼ:0 ս:0 Sys:[0.0050] 
NT:[0.0050] NG:[0.0000] BT:[0.0000] CH:[0.0000] 
....................................
=0 =0 Ʒ=0 ʼ:0 ս:0 Sys:[0.0050] 
NT:[0.0050] NG:[0.0000] BT:[0.0000] CH:[0.0000] 
.....................................
=0 =0 Ʒ=0 ʼ:0 ս:0 Sys:[0.0050] 
NT:[0.0050] NG:[0.0000] BT:[0.0000] CH:[0.0000] 
....................................
=0 =0 Ʒ=0 ʼ:0 ս:0 Sys:[0.0050] 
NT:[0.0050] NG:[0.0000] BT:[0.0000] CH:[0.0000] 
....................................
=0 =0 Ʒ=0 ʼ:0 ս:0 Sys:[0.0050] 
NT:[0.0050] NG:[0.0000] BT:[0.0000] CH:[0.0000] 
........ok!
.............................
=0 =0 Ʒ=0 ʼ:0 ս:0 Sys:[0.0050] 
NT:[0.0050] NG:[0.0000] BT:[0.0000] CH:[0.0000] 
....................................
=0 =0 Ʒ=0 ʼ:0 ս:0 Sys:[0.0050] 
NT:[0.0049] NG:[0.0000] BT:[0.0000] CH:[0.0000] 
....................................
=0 =0 Ʒ=0 ʼ:0 ս:0 Sys:[0.0050] 
NT:[0.0049] NG:[0.0000] BT:[0.0000] CH:[0.0000] 
.....................................
=0 =0 Ʒ=0 ʼ:0 ս:0 Sys:[0.0050] 
NT:[0.0050] NG:[0.0000] BT:[0.0000] CH:[0.0000] 
....................................
=0 =0 Ʒ=0 ʼ:0 ս:0 Sys:[0.0050] 
NT:[0.0050] NG:[0.0000] BT:[0.0000] CH:[0.0000] 
.....................................
=0 =0 Ʒ=0 ʼ:0 ս:0 Sys:[0.0050] 
NT:[0.0049] NG:[0.0000] BT:[0.0000] CH:[0.0000] 
....................................
=0 =0 Ʒ=0 ʼ:0 ս:0 Sys:[0.0050] 
NT:[0.0050] NG:[0.0000] BT:[0.0000] CH:[0.0000] 
.....................................
=0 =0 Ʒ=0 ʼ:0 ս:0 Sys:[0.0050] 
NT:[0.0049] NG:[0.0000] BT:[0.0000] CH:[0.0000] 
....................................
=0 =0 Ʒ=0 ʼ:0 ս:0 Sys:[0.0050] 
NT:[0.0050] NG:[0.0000] BT:[0.0000] CH:[0.0000] 
....................................
=0 =0 Ʒ=0 ʼ:0 ս:0 Sys:[0.0048] 
NT:[0.0048] NG:[0.0000] BT:[0.0000] CH:[0.0000] 
.....................................
=0 =0 Ʒ=0 ʼ:0 ս:0 Sys:[0.0049] 
NT:[0.0049] NG:[0.0000] BT:[0.0000] CH:[0.0000] 
....................................
=0 =0 Ʒ=0 ʼ:0 ս:0 Sys:[0.0049] 
NT:[0.0049] NG:[0.0000] BT:[0.0000] CH:[0.0000] 
....................................
=0 =0 Ʒ=0 ʼ:0 ս:0 Sys:[0.0050] 
NT:[0.0050] NG:[0.0000] BT:[0.0000] CH:[0.0000] 
.....................................
=0 =0 Ʒ=0 ʼ:0 ս:0 Sys:[0.0050] 
NT:[0.0050] NG:[0.0000] BT:[0.0000] CH:[0.0000] 
....................................
=0 =0 Ʒ=0 ʼ:0 ս:0 Sys:[0.0050] 
NT:[0.0049] NG:[0.0000] BT:[0.0000] CH:[0.0000] 
....................................
=0 =0 Ʒ=0 ʼ:0 ս:0 Sys:[0.0050] 
NT:[0.0050] NG:[0.0000] BT:[0.0000] CH:[0.0000] 
.....................................
=0 =0 Ʒ=0 ʼ:0 ս:0 Sys:[0.0048] 
NT:[0.0048] NG:[0.0000] BT:[0.0000] CH:[0.0000] 
....................................
=0 =0 Ʒ=0 ʼ:0 ս:0 Sys:[0.0049] 
NT:[0.0049] NG:[0.0000] BT:[0.0000] CH:[0.0000] 
....................................
=0 =0 Ʒ=0 ʼ:0 ս:0 Sys:[0.0049] 
NT:[0.0049] NG:[0.0000] BT:[0.0000] CH:[0.0000] 
.....................................
=0 =0 Ʒ=0 ʼ:0 ս:0 Sys:[0.0050] 
NT:[0.0050] NG:[0.0000] BT:[0.0000] CH:[0.0000] 
....................................
=0 =0 Ʒ=0 ʼ:0 ս:0 Sys:[0.0050] 
NT:[0.0049] NG:[0.0000] BT:[0.0000] CH:[0.0000] 
....................................
=0 =0 Ʒ=0 ʼ:0 ս:0 Sys:[0.0050] 
NT:[0.0049] NG:[0.0000] BT:[0.0000] CH:[0.0000] 
.....................................
=0 =0 Ʒ=0 ʼ:0 ս:0 Sys:[0.0050] 
NT:[0.0050] NG:[0.0000] BT:[0.0000] CH:[0.0000] 
....................................
=0 =0 Ʒ=0 ʼ:0 ս:0 Sys:[0.0050] 
NT:[0.0050] NG:[0.0000] BT:[0.0000] CH:[0.0000] 
.....................................
=0 =0 Ʒ=0 ʼ:0 ս:0 Sys:[0.0049] 
NT:[0.0049] NG:[0.0000] BT:[0.0000] CH:[0.0000] 
....................................
=0 =0 Ʒ=0 ʼ:0 ս:0 Sys:[0.0050] 
NT:[0.0050] NG:[0.0000] BT:[0.0000] CH:[0.0000] 
....................................
=0 =0 Ʒ=0 ʼ:0 ս:0 Sys:[0.0049] 
NT:[0.0049] NG:[0.0000] BT:[0.0000] CH:[0.0000] 
.....................................
=0 =0 Ʒ=0 ʼ:0 ս:0 Sys:[0.0050] 
NT:[0.0050] NG:[0.0000] BT:[0.0000] CH:[0.0000] 
..ȡ:0 Success
gmsvacsvʧȥ! 쳣ֹ...

=========Ƿԭ=========
׼Ϣ: -1
: 0
: 0
SAAC: ACShowFMList
=========Ƿԭ=========

е
 = 1
AC = 1048576
رSAAC:0
رհ󶨶˿:0
This Program is compiled at Feb  6 2013 15:09:13 by gcc 4.4.6 20120305 (Red Hat 4.4.6-4)

ʼȡź..
SIGINT:2
SIGQUIT:3
SIGKILL:9
SIGSEGV:11
SIGPIPE:13
SIGTERM:15
sizeof( aho ) = 9456
sizeof( aho.data ) = 504
sizeof( aho.string ) = 704
sizeof( aho.flg ) = 3
sizeof( aho.indexOfExistItems ) = 80
sizeof( aho.haveSkill ) = 60
sizeof( aho.indexOfHaveTitle ) = 120
sizeof( aho.addressBook ) = 5760
sizeof( aho.workint ) = 800
sizeof( aho.workchar ) = 448
ļ: setup.cf
Can't open setup.cf.vps616.  use setup.cf instead
Եȼ: 3
еȼ: 0
ջ: 65536
ͻ: 65536
ջ: 128
ڴ浥ԪС: 128
ڴ浥Ԫ: 2500000
˺ŷַ: 127.0.0.1
˺ŷ˿: 9300
½: 极度1线
½: test
ȴӶ˿: 9065
к: 1
ظַʹ: 1
: 10
߳: 100
Ŀ: 10000
Ŀ: 12000
ƷĿ: 10000
սĿ: 100
ļĿ¼: .
ͼļĿ¼: ./data/map
ͼʶļ: ./data/map/mapset.txt
Ʒļ: ./data/itemset.txt
սļ: ./data/inv.txt
ʾλļ: ./data/appear.txt
ļ: ./data/effect.txt
ͷļ: ./data/titlename.txt
ͷļ: ./data/titleconfig.txt
ļ: ./data/encount.txt
Ⱥļ: ./data/group1.txt
ļ: ./data/enemybase.txt
ļ: ./data/enemy.txt
ħļ: ./data/magic.txt
ħļ: ./data/attmagic.bin
＼ļ: ./data/petskill.txt
Ʒɷļ: ./data/itematom.txt
ļ: ./data/question.txt
G M ļ: ./data/gmset.txt
־¼ļ: ./
ԭĿ¼: ../saac/char
NPC Ŀ¼: ./data/npc
־ļ: ./log
־ļ: log.cf
GMָ: gm
ʹGMȨ: 1
NPC ģĿ: 256
NPC Ŀ: 8192
·ʱ: 2500
м: 2500
Ŀ: 2500
ִһʱ: 5
ʱ: 1800
ʱ: 1800
ʯʱ: 3600
ݱ: 86400
ƬĿ: 1000
ȡƵЭ: 3000
Ӵ: 100
ת: 0ת
ȼ: 1
Ǯ: 1000000 S
ȼ: 1
ӵе: 100
ȼ: 200
ӵг: NO1:-1 NO2:101152 NO3:20004 NO4:-1 NO5:-1
ӵƷ: ITEM1:-1 ITEM2:-1 ITEM3:-1 ITEM4:-1 ITEM5:-1
ITEM1:-1 ITEM2:-1 ITEM3:-1 ITEM4:-1 ITEM5:-1
ITEM1:-1 ITEM2:-1 ITEM3:-1 ITEM4:-1 ITEM5:-1
ֹ: 1:极度无聊 2: 3: 4: 5:
ֹ͵ͼ: ͼ1:32021 ͼ2:8213 ͼ3:850 ͼ4:30695 ͼ5:60034
              ͼ1:-1 ͼ2:-1 ͼ3:-1 ͼ4:-1 ͼ5:-1
ȼת: 5
ȼת: -1
ֹ: 
ÿת: 0ת:15 1ת:15 2ת:15 3ת:15 4ת:15 5ת:15 6ת:15
ܷ: 
һȼ: 140
ߵȼ: 160
ħʱ䱶: 0
ĵ: 1
˳ĵ: 1
սýǮ: 10%
ٻʱ: (5000/)
ٻ: 10
2.0 ģʽ: 1
ׯ԰ģʽ: 

ϷID: 极度1线
ʼʼ
ڴռ...ڴѷ 305.18 MB...
ʼջӿռ...ԤԼ 10 ... 12.55 MB ռ...
԰󶨱ض˿ 9065... 
... 3.39 MB MB ռ...
... 91.17 MB ռ...
Ʒ...ƷID 20120...ITEM_tbl 26.77 MB ռ...ITEM_idx 0.15 MB ռ...ڶη 18.77 MB ռ...
ս... 0.90 MB ռ...
ģ...
ʼʼ...
ȡսļ...ϷΧ: 2...ЧսЧ 0...
ȡʾλļ...Чʾλ÷Χ 33..
ȡͷļ...Чͷ 2...
ȡͷļ...Чͷ 1...
ȡļ...encount.c:186 ļ﷨:./data/encount.txt 667
encount.c:186 ļ﷨:./data/encount.txt 668
encount.c:186 ļ﷨:./data/encount.txt 669
encount.c:186 ļ﷨:./data/encount.txt 670
encount.c:186 ļ﷨:./data/encount.txt 671
encount.c:186 ļ﷨:./data/encount.txt 672
encount.c:186 ļ﷨:./data/encount.txt 673
encount.c:186 ļ﷨:./data/encount.txt 674
Ч 665..
ȡļ...Ч״̬ 952...
ȡļ...Ч 2048..
ȡȺļ...enemy.c:647 ļ﷨:./data/group1.txt 725
enemy.c:647 ļ﷨:./data/group1.txt 726
enemy.c:647 ļ﷨:./data/group1.txt 727
enemy.c:647 ļ﷨:./data/group1.txt 728
enemy.c:647 ļ﷨:./data/group1.txt 729
ЧȺ 723...
ȡħļ...Чħ:181 ħ:422 ...Чħ 423...
ȡħļ...ЧĹħ 27
ħļ -->./data/attmagic.bin...
ȡ＼ļ...Ч＼ 212...
ȡƷɷļ...ʼƷɷ:  83 
ʼƷɷ: ȡ 83 Ʒɷ...
ʼϳƷ... :20121  1.15 MB ռ...
ʼϳ趨...
ȡļ...Ч 774...
ȡļ...
ȡGMļ...
ȡԶļ...
ȡׯ԰峤רļ...
ȡںϳļ...޷ļ
...ʧ

ͼ...
ҵ 700 ͼ
ȷͼļ 700...
ȡNPCļ...
ļ = 2135
ȡļģ....ȷģ 115 ...
С:700. :8192.
ȡNPCļ...ȷNPC 4952 ...
ʼ NPC ... 
˺ŷ... 
ʼ NPC ͻ ... 
˺ŷ͵½... 
ʼ
ʼʼ־
ȡɢƷʧļ...
߱:2171

װسԻļ:./data/npc/pettalk/pettalk.menu..........ID=7...=7
ضĲƷļ ./data/gambleitems.txt ...ID: 24 
س＼ܱļ:./data/skillcode.txt...
ʼNPC...
ʼsignal1...
ʼsignal2...
ʼͼ͵...
ʼ 2981 ͼ͵...
ACӳɹ
 !
˰汾: <zoroGMSV_2.5 Ա>
˱ʱ: Feb  6 2013 15:09:17 by zoro
ҳhttp://www.longzoro.com
̳http://bbs.longzoro.com
ʼ...
.ok!

½˺=1111 =1111 =61.135.169.77

RCL =5 
.............................
=0 =0 Ʒ=0 ʼ:0 ս:0 Sys:[0.0050] 
NT:[0.0050] NG:[0.0000] BT:[0.0000] CH:[0.0000] 
.....................................
=0 =0 Ʒ=0 ʼ:0 ս:0 Sys:[0.0050] 
NT:[0.0050] NG:[0.0000] BT:[0.0000] CH:[0.0000] 
..........................
½˺=1111 =1111 =61.135.169.77

RCL =5 
..........
=0 =0 Ʒ=0 ʼ:0 ս:0 Sys:[0.0050] 
NT:[0.0050] NG:[0.0000] BT:[0.0000] CH:[0.0000] 
.....................................
=0 =0 Ʒ=0 ʼ:0 ս:0 Sys:[0.0050] 
NT:[0.0050] NG:[0.0000] BT:[0.0000] CH:[0.0000] 
...........
½˺=1111 =1111 =61.135.169.77

RCL =5 
.........................
=0 =0 Ʒ=0 ʼ:0 ս:0 Sys:[0.0050] 
NT:[0.0049] NG:[0.0000] BT:[0.0000] CH:[0.0000] 
.....................................
=0 =0 Ʒ=0 ʼ:0 ս:0 Sys:[0.0050] 
NT:[0.0050] NG:[0.0000] BT:[0.0000] CH:[0.0000] 
.............................
=0 =0 Ʒ=0 ʼ:0 ս:0 Sys:[0.0040] 
NT:[0.0039] NG:[0.0000] BT:[0.0000] CH:[0.0000] 
.........................
½˺=1111 =1111 =61.135.169.77

RCL =5 
........
=0 =0 Ʒ=0 ʼ:0 ս:0 Sys:[0.0041] 
NT:[0.0040] NG:[0.0000] BT:[0.0000] CH:[0.0000] 
.....................................
=0 =0 Ʒ=0 ʼ:0 ս:0 Sys:[0.0050] 
NT:[0.0050] NG:[0.0000] BT:[0.0000] CH:[0.0000] 
....................................
=0 =0 Ʒ=0 ʼ:0 ս:0 Sys:[0.0050] 
NT:[0.0050] NG:[0.0000] BT:[0.0000] CH:[0.0000] 
....................................
=0 =0 Ʒ=0 ʼ:0 ս:0 Sys:[0.0050] 
NT:[0.0049] NG:[0.0000] BT:[0.0000] CH:[0.0000] 
.....................................
=0 =0 Ʒ=0 ʼ:0 ս:0 Sys:[0.0049] 
NT:[0.0049] NG:[0.0000] BT:[0.0000] CH:[0.0000] 
....................................
=0 =0 Ʒ=0 ʼ:0 ս:0 Sys:[0.0050] 
NT:[0.0050] NG:[0.0000] BT:[0.0000] CH:[0.0000] 
.....................................
=0 =0 Ʒ=0 ʼ:0 ս:0 Sys:[0.0050] 
NT:[0.0050] NG:[0.0000] BT:[0.0000] CH:[0.0000] 
....................................
=0 =0 Ʒ=0 ʼ:0 ս:0 Sys:[0.0050] 
NT:[0.0050] NG:[0.0000] BT:[0.0000] CH:[0.0000] 
....ȡ:0 Success
gmsvacsvʧȥ! 쳣ֹ...

=========Ƿԭ=========
׼Ϣ: -1
: 0
: 0
SAAC: ACCharLogin
=========Ƿԭ=========

е
 = 1
AC = 1048576
رSAAC:0
رհ󶨶˿:0
